        -:    0:Source:C:/Users/Bogdan Rebeles/Desktop/OOP/lab5/Lab_OOP/main.c
        -:    0:Graph:C:\Users\Bogdan Rebeles\Desktop\OOP\lab5\Lab_OOP\cmake-build-debug-coverage\CMakeFiles\untitled.dir\main.c.gcno
        -:    0:Data:C:\Users\Bogdan Rebeles\Desktop\OOP\lab5\Lab_OOP\cmake-build-debug-coverage\CMakeFiles\untitled.dir\main.c.gcda
        -:    0:Runs:1
        -:    1:#include <stdio.h>
        -:    2:#include "Testing.h"
        -:    3:#include "Console.h"
        -:    4:#define _CRTDBG_MAP_ALLOC
        -:    5:#include <stdlib.h>
        -:    6:#include <crtdbg.h>
        -:    7:
function main called 1 returned 100% blocks executed 100%
        1:    8:int main() {
        1:    9:    test_all();
        1:    9-block  0
call    0 returned 1
        -:   10:    _CrtDumpMemoryLeaks();
        -:   11:
        1:   12:    run();
call    0 returned 1
        -:   13:
        1:   14:    return 0;
        -:   15:}
